/Users/muis/Downloads/Mobile Apps Icon copy/Clothes.png => /Users/muis/Downloads/Mobile Apps Icon copy/1.png
/Users/muis/Downloads/Mobile Apps Icon copy/Jewelry.png => /Users/muis/Downloads/Mobile Apps Icon copy/3.png
/Users/muis/Downloads/Mobile Apps Icon copy/Shoes.png => /Users/muis/Downloads/Mobile Apps Icon copy/1095.png
/Users/muis/Downloads/Mobile Apps Icon copy/Baby Boy.png => /Users/muis/Downloads/Mobile Apps Icon copy/1094.png
/Users/muis/Downloads/Mobile Apps Icon copy/Electronics.png => /Users/muis/Downloads/Mobile Apps Icon copy/1112.png
/Users/muis/Downloads/Mobile Apps Icon copy/Holiday Shop.png => /Users/muis/Downloads/Mobile Apps Icon copy/113.png
/Users/muis/Downloads/Mobile Apps Icon copy/Men.png => /Users/muis/Downloads/Mobile Apps Icon copy/902.png
/Users/muis/Downloads/Mobile Apps Icon copy/Toys.png => /Users/muis/Downloads/Mobile Apps Icon copy/632.png
/Users/muis/Downloads/Mobile Apps Icon copy/Apparel & Accessories.png => /Users/muis/Downloads/Mobile Apps Icon copy/517.png
/Users/muis/Downloads/Mobile Apps Icon copy/Women.png => /Users/muis/Downloads/Mobile Apps Icon copy/925.png
/Users/muis/Downloads/Mobile Apps Icon copy/Baby Girl.png => /Users/muis/Downloads/Mobile Apps Icon copy/617.png
/Users/muis/Downloads/Mobile Apps Icon copy/Pet Supplies.png => /Users/muis/Downloads/Mobile Apps Icon copy/754.png
/Users/muis/Downloads/Mobile Apps Icon copy/Bags.png => /Users/muis/Downloads/Mobile Apps Icon copy/894.png
/Users/muis/Downloads/Mobile Apps Icon copy/Adidas.png => /Users/muis/Downloads/Mobile Apps Icon copy/1037.png
/Users/muis/Downloads/Mobile Apps Icon copy/Armani.png => /Users/muis/Downloads/Mobile Apps Icon copy/1038.png
/Users/muis/Downloads/Mobile Apps Icon copy/Balenciaga.png => /Users/muis/Downloads/Mobile Apps Icon copy/1039.png
/Users/muis/Downloads/Mobile Apps Icon copy/Bally.png => /Users/muis/Downloads/Mobile Apps Icon copy/1040.png
/Users/muis/Downloads/Mobile Apps Icon copy/BCBG.png => /Users/muis/Downloads/Mobile Apps Icon copy/1041.png
/Users/muis/Downloads/Mobile Apps Icon copy/Bebe.png => /Users/muis/Downloads/Mobile Apps Icon copy/1042.png
/Users/muis/Downloads/Mobile Apps Icon copy/Bottega Venetta.png => /Users/muis/Downloads/Mobile Apps Icon copy/1043.png
/Users/muis/Downloads/Mobile Apps Icon copy/Burberry.png => /Users/muis/Downloads/Mobile Apps Icon copy/1044.png
/Users/muis/Downloads/Mobile Apps Icon copy/Calvin Klein.png => /Users/muis/Downloads/Mobile Apps Icon copy/1045.png
/Users/muis/Downloads/Mobile Apps Icon copy/Carrera.png => /Users/muis/Downloads/Mobile Apps Icon copy/1046.png
/Users/muis/Downloads/Mobile Apps Icon copy/Celine.png => /Users/muis/Downloads/Mobile Apps Icon copy/1047.png
/Users/muis/Downloads/Mobile Apps Icon copy/Champion.png => /Users/muis/Downloads/Mobile Apps Icon copy/1048.png
/Users/muis/Downloads/Mobile Apps Icon copy/Converse.png => /Users/muis/Downloads/Mobile Apps Icon copy/1049.png
/Users/muis/Downloads/Mobile Apps Icon copy/Dyson.png => /Users/muis/Downloads/Mobile Apps Icon copy/1051.png
/Users/muis/Downloads/Mobile Apps Icon copy/Ecovacs.png => /Users/muis/Downloads/Mobile Apps Icon copy/1052.png
/Users/muis/Downloads/Mobile Apps Icon copy/Estee Lauder.png => /Users/muis/Downloads/Mobile Apps Icon copy/1053.png
/Users/muis/Downloads/Mobile Apps Icon copy/Fendi.png => /Users/muis/Downloads/Mobile Apps Icon copy/1054.png
/Users/muis/Downloads/Mobile Apps Icon copy/Furla.png => /Users/muis/Downloads/Mobile Apps Icon copy/1055.png
/Users/muis/Downloads/Mobile Apps Icon copy/Gucci.png => /Users/muis/Downloads/Mobile Apps Icon copy/1056.png
/Users/muis/Downloads/Mobile Apps Icon copy/Hugo Boss.png => /Users/muis/Downloads/Mobile Apps Icon copy/1058.png
/Users/muis/Downloads/Mobile Apps Icon copy/Jessica Simpson.png => /Users/muis/Downloads/Mobile Apps Icon copy/1059.png
/Users/muis/Downloads/Mobile Apps Icon copy/Karl Lagerfeld.png => /Users/muis/Downloads/Mobile Apps Icon copy/1061.png
/Users/muis/Downloads/Mobile Apps Icon copy/Kate Spade.png => /Users/muis/Downloads/Mobile Apps Icon copy/1062.png
/Users/muis/Downloads/Mobile Apps Icon copy/Keds.png => /Users/muis/Downloads/Mobile Apps Icon copy/1063.png
/Users/muis/Downloads/Mobile Apps Icon copy/Kenneth Cole.png => /Users/muis/Downloads/Mobile Apps Icon copy/1064.png
/Users/muis/Downloads/Mobile Apps Icon copy/Kenzo.png => /Users/muis/Downloads/Mobile Apps Icon copy/1065.png
/Users/muis/Downloads/Mobile Apps Icon copy/Longchamp.png => /Users/muis/Downloads/Mobile Apps Icon copy/1066.png
/Users/muis/Downloads/Mobile Apps Icon copy/Marc Jacobs.png => /Users/muis/Downloads/Mobile Apps Icon copy/1067.png
/Users/muis/Downloads/Mobile Apps Icon copy/MCM.png => /Users/muis/Downloads/Mobile Apps Icon copy/1068.png
/Users/muis/Downloads/Mobile Apps Icon copy/Michael Kors.png => /Users/muis/Downloads/Mobile Apps Icon copy/1069.png
/Users/muis/Downloads/Mobile Apps Icon copy/Moncler.png => /Users/muis/Downloads/Mobile Apps Icon copy/1070.png
/Users/muis/Downloads/Mobile Apps Icon copy/Movado.png => /Users/muis/Downloads/Mobile Apps Icon copy/1071.png
/Users/muis/Downloads/Mobile Apps Icon copy/Nine West.png => /Users/muis/Downloads/Mobile Apps Icon copy/1072.png
/Users/muis/Downloads/Mobile Apps Icon copy/Prada.png => /Users/muis/Downloads/Mobile Apps Icon copy/1073.png
/Users/muis/Downloads/Mobile Apps Icon copy/Rebecca Minkoff.png => /Users/muis/Downloads/Mobile Apps Icon copy/1074.png
/Users/muis/Downloads/Mobile Apps Icon copy/Roberto Cavalli.png => /Users/muis/Downloads/Mobile Apps Icon copy/1075.png
/Users/muis/Downloads/Mobile Apps Icon copy/Roomba.png => /Users/muis/Downloads/Mobile Apps Icon copy/1076.png
/Users/muis/Downloads/Mobile Apps Icon copy/Salvatore Ferragamo.png => /Users/muis/Downloads/Mobile Apps Icon copy/1078.png
/Users/muis/Downloads/Mobile Apps Icon copy/Samsonite.png => /Users/muis/Downloads/Mobile Apps Icon copy/1079.png
/Users/muis/Downloads/Mobile Apps Icon copy/Tadashi Shoji.png => /Users/muis/Downloads/Mobile Apps Icon copy/1081.png
/Users/muis/Downloads/Mobile Apps Icon copy/Ted Baker.png => /Users/muis/Downloads/Mobile Apps Icon copy/1082.png
/Users/muis/Downloads/Mobile Apps Icon copy/Timberland.png => /Users/muis/Downloads/Mobile Apps Icon copy/1083.png
/Users/muis/Downloads/Mobile Apps Icon copy/Tory Burch.png => /Users/muis/Downloads/Mobile Apps Icon copy/1084.png
/Users/muis/Downloads/Mobile Apps Icon copy/True Religion.png => /Users/muis/Downloads/Mobile Apps Icon copy/1085.png
/Users/muis/Downloads/Mobile Apps Icon copy/TUMI.png => /Users/muis/Downloads/Mobile Apps Icon copy/1086.png
/Users/muis/Downloads/Mobile Apps Icon copy/UGG.png => /Users/muis/Downloads/Mobile Apps Icon copy/1087.png
/Users/muis/Downloads/Mobile Apps Icon copy/Under Armour.png => /Users/muis/Downloads/Mobile Apps Icon copy/1088.png
/Users/muis/Downloads/Mobile Apps Icon copy/Versace.png => /Users/muis/Downloads/Mobile Apps Icon copy/1089.png
/Users/muis/Downloads/Mobile Apps Icon copy/Vince Camuto.png => /Users/muis/Downloads/Mobile Apps Icon copy/1090.png
/Users/muis/Downloads/Mobile Apps Icon copy/Samsung.png => /Users/muis/Downloads/Mobile Apps Icon copy/1091.png
/Users/muis/Downloads/Mobile Apps Icon copy/Bvlgari.png => /Users/muis/Downloads/Mobile Apps Icon copy/1092.png
/Users/muis/Downloads/Mobile Apps Icon copy/Saint Laurent.png => /Users/muis/Downloads/Mobile Apps Icon copy/1093.png
/Users/muis/Downloads/Mobile Apps Icon copy/Raymond Weil.png => /Users/muis/Downloads/Mobile Apps Icon copy/1096.png
/Users/muis/Downloads/Mobile Apps Icon copy/Citizen.png => /Users/muis/Downloads/Mobile Apps Icon copy/1098.png
/Users/muis/Downloads/Mobile Apps Icon copy/Invicta.png => /Users/muis/Downloads/Mobile Apps Icon copy/1101.png
/Users/muis/Downloads/Mobile Apps Icon copy/Anne Klein New York.png => /Users/muis/Downloads/Mobile Apps Icon copy/1104.png
